synchroniser  2025-08-29 18:41:38,950 INFO Программа запущена. Синхронизация папки: D:/Sync
synchroniser  2025-08-29 18:41:39,701 INFO Началась новая итерация синхронизации
synchroniser  2025-08-29 18:41:39,701 INFO Начинаем синхронизацию пустых папок
synchroniser  2025-08-29 18:41:39,711 INFO Начинаем синхронизацию файлов
synchroniser  2025-08-29 18:43:15,912 INFO Программа запущена. Синхронизация папки: D:/Sync
synchroniser  2025-08-29 18:43:16,723 INFO Началась новая итерация синхронизации
synchroniser  2025-08-29 18:43:16,723 INFO Начинаем синхронизацию пустых папок
synchroniser  2025-08-29 18:43:17,617 INFO Создана удаленная пустая директория: /Home_Comp/ывапвыапва
synchroniser  2025-08-29 18:43:17,617 INFO Начинаем синхронизацию файлов
synchroniser  2025-08-29 18:43:19,501 INFO Загружен новый файл: /Home_Comp/2023-10-23asdasd.xlsx
synchroniser  2025-08-29 18:43:21,597 INFO Загружен новый файл: /Home_Comp/66.log
synchroniser  2025-08-29 18:43:23,773 INFO Загружен новый файл: /Home_Comp/Записка_______.docx
synchroniser  2025-08-29 18:43:28,406 INFO Удален файл/папка: /Home_Comp/2023-10-23.xlsx
synchroniser  2025-08-29 18:43:28,407 INFO Удален удаленно расположенный файл, который отсутствует локально: /Home_Comp/2023-10-23.xlsx
synchroniser  2025-08-29 18:43:28,975 INFO Удален файл/папка: /Home_Comp/GSL RU-EN1232343234.log
synchroniser  2025-08-29 18:43:28,975 INFO Удален удаленно расположенный файл, который отсутствует локально: /Home_Comp/GSL RU-EN1232343234.log
synchroniser  2025-08-29 18:43:29,886 INFO Удален файл/папка: /Home_Comp/Записка333425456.docx
synchroniser  2025-08-29 18:43:29,886 INFO Удален удаленно расположенный файл, который отсутствует локально: /Home_Comp/Записка333425456.docx
synchroniser  2025-08-29 18:45:02,006 INFO Началась новая итерация синхронизации
synchroniser  2025-08-29 18:45:02,007 INFO Начинаем синхронизацию пустых папок
synchroniser  2025-08-29 18:45:02,425 INFO Создана удаленная пустая директория: /Home_Comp/ывапвыапва
synchroniser  2025-08-29 18:45:02,425 INFO Начинаем синхронизацию файлов
